
Showing logs for build [32mcb-kubecd-environment-pr-166-25-ksrd6-1[0m stage [32mfrom-build-pack[0m and container [32mstep-credential-initializer-mdpvq[0m
{"level":"warn","ts":1582706434.7657218,"logger":"fallback-logger","caller":"logging/config.go:69","msg":"Fetch GitHub commit ID from kodata failed: \"ref: refs/heads/0.8.0-**-support-backwards-incompats\" is not a valid GitHub commit ID"}
{"level":"info","ts":1582706434.767603,"logger":"fallback-logger","caller":"creds-init/main.go:40","msg":"Credentials initialized."}

Showing logs for build [32mcb-kubecd-environment-pr-166-25-ksrd6-1[0m stage [32mfrom-build-pack[0m and container [32mstep-working-dir-initializer-4jzvn[0m
{"level":"warn","ts":1582706435.7167263,"logger":"fallback-logger","caller":"logging/config.go:69","msg":"Fetch GitHub commit ID from kodata failed: open /var/run/ko/HEAD: no such file or directory"}
{"level":"info","ts":1582706435.7190747,"logger":"fallback-logger","caller":"bash/main.go:64","msg":"Successfully executed command \"sh -c mkdir -p /workspace/source\"; output "}

Showing logs for build [32mcb-kubecd-environment-pr-166-25-ksrd6-1[0m stage [32mfrom-build-pack[0m and container [32mstep-place-tools[0m

Showing logs for build [32mcb-kubecd-environment-pr-166-25-ksrd6-1[0m stage [32mfrom-build-pack[0m and container [32mstep-git-source-cb-kubecd-environment-pr-166-25-ksrd6-m2xxc[0m
{"level":"warn","ts":1582706439.8365119,"logger":"fallback-logger","caller":"logging/config.go:69","msg":"Fetch GitHub commit ID from kodata failed: \"ref: refs/heads/0.8.0-**-support-backwards-incompats\" is not a valid GitHub commit ID"}
{"level":"info","ts":1582706440.8761249,"logger":"fallback-logger","caller":"git/git.go:103","msg":"Successfully cloned https://github.com/cb-kubecd/environment-pr-166-25-boot-gke-production.git @ master in path /workspace/source"}

Showing logs for build [32mcb-kubecd-environment-pr-166-25-ksrd6-1[0m stage [32mfrom-build-pack[0m and container [32mstep-git-merge[0m
Using SHAs from PULL_REFS=master:eb68b6ea223ef52d4c8dce131903536a30a2e928,1:136aec995e17369655e8ed56f4f73d304e1665cc
DEBUG: LC_ALL=C JX_LOG_LEVEL=error git fetch origin --unshallow 136aec995e17369655e8ed56f4f73d304e1665cc: eb68b6ea223ef52d4c8dce131903536a30a2e928:
DEBUG: ran git fetch --unshallow origin 136aec995e17369655e8ed56f4f73d304e1665cc: eb68b6ea223ef52d4c8dce131903536a30a2e928: in 
DEBUG: LC_ALL=C JX_LOG_LEVEL=error git branch
DEBUG: LC_ALL=C JX_LOG_LEVEL=error git checkout master
DEBUG: ran git checkout master in 
DEBUG: JX_LOG_LEVEL=error LC_ALL=C git reset --hard eb68b6ea223ef52d4c8dce131903536a30a2e928
DEBUG: ran git reset --hard eb68b6ea223ef52d4c8dce131903536a30a2e928 in 
DEBUG: LC_ALL=C JX_LOG_LEVEL=error git clean -fd .
DEBUG: ran clean --force -d . in 
DEBUG: LC_ALL=C JX_LOG_LEVEL=error git merge 136aec995e17369655e8ed56f4f73d304e1665cc
DEBUG: ran git merge 136aec995e17369655e8ed56f4f73d304e1665cc in 
DEBUG: LC_ALL=C JX_LOG_LEVEL=error git log --format=%H%x1f%an%x1f%ae%x1f%cn%x1f%ce%x1f%s%n%b%x1e eb68b6ea223ef52d4c8dce131903536a30a2e928..HEAD
Merged SHA 136aec995e17369655e8ed56f4f73d304e1665cc with commit message 'chore: Promote bdd-spring-1582705504 to version 0.0.1' into base branch master

Showing logs for build [32mcb-kubecd-environment-pr-166-25-ksrd6-1[0m stage [32mfrom-build-pack[0m and container [32mstep-build-helm-build[0m
WARNING: No $CHART_REPOSITORY defined so using the default value of: http://jenkins-x-chartmuseum:8080
Adding missing Helm repo: storage.googleapis.com https://storage.googleapis.com/chartmuseum.jenkins-x.io
WARNING: No secrets found on "helm/repos" due: reading the secret "helm/repos" from vault: no secret "helm/repos" not found in vault
Read credentials for https://storage.googleapis.com/chartmuseum.jenkins-x.io from vault helm/repos
Successfully added Helm repository storage.googleapis.com.
Adding missing Helm repo: jenkins-x-chartmuseum http://jenkins-x-chartmuseum:8080
WARNING: No secrets found on "helm/repos" due: reading the secret "helm/repos" from vault: no secret "helm/repos" not found in vault
Read credentials for http://jenkins-x-chartmuseum:8080 from vault helm/repos
Successfully added Helm repository jenkins-x-chartmuseum.
WARNING: No $CHART_REPOSITORY defined so using the default value of: http://jenkins-x-chartmuseum:8080
Adding missing Helm repo: chartmuseum.jenkins-x.io http://chartmuseum.jenkins-x.io
WARNING: No secrets found on "helm/repos" due: reading the secret "helm/repos" from vault: no secret "helm/repos" not found in vault
Read credentials for http://chartmuseum.jenkins-x.io from vault helm/repos
Successfully added Helm repository chartmuseum.jenkins-x.io.
